<?xml version="1.0" encoding="UTF-8"?>
<testng-results ignored="0" total="1" passed="1" failed="0" skipped="0">
  <reporter-output>
  </reporter-output>
  <suite started-at="2024-08-14T14:28:38 IST" name="Default suite" finished-at="2024-08-14T14:28:38 IST" duration-ms="59">
    <groups>
    </groups>
    <test started-at="2024-08-14T14:28:38 IST" name="Default test" finished-at="2024-08-14T14:28:38 IST" duration-ms="59">
      <class name="git1.demo">
        <test-method signature="main()[pri:0, instance:git1.demo@6d4e5011]" started-at="2024-08-14T14:28:38 IST" name="main" finished-at="2024-08-14T14:28:38 IST" duration-ms="14" status="PASS">
          <reporter-output>
          </reporter-output>
        </test-method> <!-- main -->
      </class> <!-- git1.demo -->
    </test> <!-- Default test -->
  </suite> <!-- Default suite -->
</testng-results>
